<?xml version="1.0" encoding="UTF-8"?>
<!-- Generated by org.testng.reporters.JUnitXMLReporter -->
<testsuite ignored="0" hostname="Chandan" failures="1" tests="1" name="Default test" time="11.889" errors="0" timestamp="2023-12-19T08:14:40 IST">
  <testcase classname="io.cucumber.testng.AbstractTestNGCucumberTests" name="runScenario" time="11.385">
    <failure type="java.lang.NullPointerException" message="Cannot invoke &amp;quot;org.openqa.selenium.SearchContext.findElement(org.openqa.selenium.By)&amp;quot; because &amp;quot;this.searchContext&amp;quot; is null">
      <![CDATA[java.lang.NullPointerException: Cannot invoke "org.openqa.selenium.SearchContext.findElement(org.openqa.selenium.By)" because "this.searchContext" is null
at org.openqa.selenium.support.pagefactory.DefaultElementLocator.findElement(DefaultElementLocator.java:68)
at org.openqa.selenium.support.pagefactory.internal.LocatingElementHandler.invoke(LocatingElementHandler.java:38)
at jdk.proxy2/jdk.proxy2.$Proxy21.click(Unknown Source)
at pagelibrary.CalculatorPageLib.getHomeLink(CalculatorPageLib.java:57)
at businesslib.CalculatorBusinessLib.verifyCalculatorFunctionality(CalculatorBusinessLib.java:50)
at stepdefination.HomeLoanCalculatorTest.perform_the_the_calculator_functionality_with_valid_data(HomeLoanCalculatorTest.java:26)
at ✽.Perform the the calculator functionality with Valid data(file:///C:/Users/Chandan/CalculatorFramework/Feature/CucumberTree.feature:5)
]]>
    </failure>
  </testcase> <!-- runScenario -->
</testsuite> <!-- Default test -->
