<?xml version="1.0" encoding="UTF-8"?>
<testsuite name="Default test"
           tests="1"
           failures="1"
           errors="0"
           skipped="0"
           time="11.385">
    <properties></properties>

            <testcase
                name="runScenario"
                time="11.385"
                classname="runner.TestNgRunner">

            <failure type="java.lang.NullPointerException" message="Cannot invoke &quot;org.openqa.selenium.SearchContext.findElement(org.openqa.selenium.By)&quot; because &quot;this.searchContext&quot; is null">
                <![CDATA[java.lang.NullPointerException: Cannot invoke "org.openqa.selenium.SearchContext.findElement(org.openqa.selenium.By)" because "this.searchContext" is null
                org.openqa.selenium.support.pagefactory.DefaultElementLocator.findElement(DefaultElementLocator.java:68)org.openqa.selenium.support.pagefactory.internal.LocatingElementHandler.invoke(LocatingElementHandler.java:38)jdk.proxy2/jdk.proxy2.$Proxy21.click(Unknown Source)pagelibrary.CalculatorPageLib.getHomeLink(CalculatorPageLib.java:57)businesslib.CalculatorBusinessLib.verifyCalculatorFunctionality(CalculatorBusinessLib.java:50)stepdefination.HomeLoanCalculatorTest.perform_the_the_calculator_functionality_with_valid_data(HomeLoanCalculatorTest.java:26)✽.Perform the the calculator functionality with Valid data(file:///C:/Users/Chandan/CalculatorFramework/Feature/CucumberTree.feature:5)
]]>
            </failure>
    </testcase>


</testsuite>
