<?xml version="1.0" encoding="UTF-8"?>
<testng-results ignored="0" total="1" passed="1" failed="0" skipped="0">
  <reporter-output>
  </reporter-output>
  <suite started-at="2022-12-05T19:44:28 IST" name="Suite" finished-at="2022-12-05T19:44:52 IST" duration-ms="24269">
    <groups>
      <group name="cucumber">
        <method signature="AbstractTestNGCucumberTests.runScenario(io.cucumber.testng.PickleWrapper,io.cucumber.testng.FeatureWrapper)[pri:0, instance:runner.TestNgRunner@76b1e9b8]" name="runScenario" class="io.cucumber.testng.AbstractTestNGCucumberTests"/>
      </group> <!-- cucumber -->
    </groups>
    <test started-at="2022-12-05T19:44:28 IST" name="Test" finished-at="2022-12-05T19:44:52 IST" duration-ms="24269">
      <class name="runner.TestNgRunner">
        <test-method is-config="true" signature="setUpClass()[pri:0, instance:runner.TestNgRunner@76b1e9b8]" started-at="2022-12-05T19:44:28 IST" name="setUpClass" finished-at="2022-12-05T19:44:28 IST" duration-ms="291" status="PASS">
          <reporter-output>
          </reporter-output>
        </test-method> <!-- setUpClass -->
        <test-method signature="runScenario(io.cucumber.testng.PickleWrapper,io.cucumber.testng.FeatureWrapper)[pri:0, instance:runner.TestNgRunner@76b1e9b8]" started-at="2022-12-05T19:44:28 IST" name="runScenario" description="Runs Cucumber Scenarios" data-provider="scenarios" finished-at="2022-12-05T19:44:52 IST" duration-ms="23930" status="PASS">
          <params>
            <param index="0">
              <value>
                <![CDATA["Verification of borrowing calculator functionality"]]>
              </value>
            </param>
            <param index="1">
              <value>
                <![CDATA["Optional[Calculator Application]"]]>
              </value>
            </param>
          </params>
          <reporter-output>
          </reporter-output>
        </test-method> <!-- runScenario -->
        <test-method is-config="true" signature="tearDownClass()[pri:0, instance:runner.TestNgRunner@76b1e9b8]" started-at="2022-12-05T19:44:52 IST" name="tearDownClass" finished-at="2022-12-05T19:44:52 IST" duration-ms="10" status="PASS">
          <reporter-output>
          </reporter-output>
        </test-method> <!-- tearDownClass -->
      </class> <!-- runner.TestNgRunner -->
    </test> <!-- Test -->
  </suite> <!-- Suite -->
</testng-results>
