<?xml version="1.0" encoding="UTF-8"?>
<testng-results ignored="0" total="1" passed="0" failed="1" skipped="0">
  <reporter-output>
  </reporter-output>
  <suite started-at="2023-12-19T08:14:28 IST" name="Default suite" finished-at="2023-12-19T08:14:40 IST" duration-ms="11889">
    <groups>
      <group name="cucumber">
        <method signature="AbstractTestNGCucumberTests.runScenario(io.cucumber.testng.PickleWrapper,io.cucumber.testng.FeatureWrapper)[pri:0, instance:runner.TestNgRunner@7068e664]" name="runScenario" class="io.cucumber.testng.AbstractTestNGCucumberTests"/>
      </group> <!-- cucumber -->
    </groups>
    <test started-at="2023-12-19T08:14:28 IST" name="Default test" finished-at="2023-12-19T08:14:40 IST" duration-ms="11889">
      <class name="runner.TestNgRunner">
        <test-method is-config="true" signature="setUpClass()[pri:0, instance:runner.TestNgRunner@7068e664]" started-at="2023-12-19T08:14:28 IST" name="setUpClass" finished-at="2023-12-19T08:14:29 IST" duration-ms="421" status="PASS">
          <reporter-output>
          </reporter-output>
        </test-method> <!-- setUpClass -->
        <test-method signature="runScenario(io.cucumber.testng.PickleWrapper,io.cucumber.testng.FeatureWrapper)[pri:0, instance:runner.TestNgRunner@7068e664]" started-at="2023-12-19T08:14:29 IST" name="runScenario" description="Runs Cucumber Scenarios" data-provider="scenarios" finished-at="2023-12-19T08:14:40 IST" duration-ms="11385" status="FAIL">
          <params>
            <param index="0">
              <value>
                <![CDATA["Verification of borrowing calculator functionality"]]>
              </value>
            </param>
            <param index="1">
              <value>
                <![CDATA["Optional[Calculator Application]"]]>
              </value>
            </param>
          </params>
          <exception class="java.lang.NullPointerException">
            <message>
              <![CDATA[Cannot invoke "org.openqa.selenium.SearchContext.findElement(org.openqa.selenium.By)" because "this.searchContext" is null]]>
            </message>
            <full-stacktrace>
              <![CDATA[java.lang.NullPointerException: Cannot invoke "org.openqa.selenium.SearchContext.findElement(org.openqa.selenium.By)" because "this.searchContext" is null
at org.openqa.selenium.support.pagefactory.DefaultElementLocator.findElement(DefaultElementLocator.java:68)
at org.openqa.selenium.support.pagefactory.internal.LocatingElementHandler.invoke(LocatingElementHandler.java:38)
at jdk.proxy2/jdk.proxy2.$Proxy21.click(Unknown Source)
at pagelibrary.CalculatorPageLib.getHomeLink(CalculatorPageLib.java:57)
at businesslib.CalculatorBusinessLib.verifyCalculatorFunctionality(CalculatorBusinessLib.java:50)
at stepdefination.HomeLoanCalculatorTest.perform_the_the_calculator_functionality_with_valid_data(HomeLoanCalculatorTest.java:26)
at ✽.Perform the the calculator functionality with Valid data(file:///C:/Users/Chandan/CalculatorFramework/Feature/CucumberTree.feature:5)
]]>
            </full-stacktrace>
          </exception> <!-- java.lang.NullPointerException -->
          <reporter-output>
          </reporter-output>
        </test-method> <!-- runScenario -->
        <test-method is-config="true" signature="tearDownClass()[pri:0, instance:runner.TestNgRunner@7068e664]" started-at="2023-12-19T08:14:40 IST" name="tearDownClass" finished-at="2023-12-19T08:14:40 IST" duration-ms="13" status="PASS">
          <reporter-output>
          </reporter-output>
        </test-method> <!-- tearDownClass -->
      </class> <!-- runner.TestNgRunner -->
    </test> <!-- Default test -->
  </suite> <!-- Default suite -->
</testng-results>
