<?xml version="1.0" encoding="UTF-8"?>
<!-- Generated by org.testng.reporters.JUnitReportReporter -->
<testsuite hostname="Chandan" failures="0" tests="1" name="runner.TestNgRunner" time="11.385" errors="1" timestamp="2023-12-19T08:14:41 IST" skipped="0">
  <testcase classname="runner.TestNgRunner" name="runScenario" time="11.385">
    <error message="Cannot invoke &quot;org.openqa.selenium.SearchContext.findElement(org.openqa.selenium.By)&quot; because &quot;this.searchContext&quot; is null" type="java.lang.NullPointerException">
      <![CDATA[java.lang.NullPointerException: Cannot invoke "org.openqa.selenium.SearchContext.findElement(org.openqa.selenium.By)" because "this.searchContext" is null
at org.openqa.selenium.support.pagefactory.DefaultElementLocator.findElement(DefaultElementLocator.java:68)
at org.openqa.selenium.support.pagefactory.internal.LocatingElementHandler.invoke(LocatingElementHandler.java:38)
at jdk.proxy2/jdk.proxy2.$Proxy21.click(Unknown Source)
at pagelibrary.CalculatorPageLib.getHomeLink(CalculatorPageLib.java:57)
at businesslib.CalculatorBusinessLib.verifyCalculatorFunctionality(CalculatorBusinessLib.java:50)
at stepdefination.HomeLoanCalculatorTest.perform_the_the_calculator_functionality_with_valid_data(HomeLoanCalculatorTest.java:26)
at ✽.Perform the the calculator functionality with Valid data(file:///C:/Users/Chandan/CalculatorFramework/Feature/CucumberTree.feature:5)
]]>
    </error>
  </testcase> <!-- runScenario -->
</testsuite> <!-- runner.TestNgRunner -->
